{"/Volumes/m2/Projetos/TesteManuel/apps/domain-service/src/main.ts": {"path":"/Volumes/m2/Projetos/TesteManuel/apps/domain-service/src/main.ts","statementMap":{"0":{"start":{"line":1,"column":0},"end":{"line":1,"column":26}},"1":{"start":{"line":4,"column":0},"end":{"line":4,"column":81}},"2":{"start":{"line":5,"column":0},"end":{"line":5,"column":81}},"3":{"start":{"line":6,"column":0},"end":{"line":6,"column":64}},"4":{"start":{"line":7,"column":0},"end":{"line":7,"column":64}},"5":{"start":{"line":9,"column":16},"end":{"line":9,"column":61}},"6":{"start":{"line":10,"column":16},"end":{"line":10,"column":62}},"7":{"start":{"line":14,"column":10},"end":{"line":14,"column":45}},"8":{"start":{"line":17,"column":4},"end":{"line":17,"column":47}},"9":{"start":{"line":21,"column":4},"end":{"line":21,"column":38}},"10":{"start":{"line":25,"column":4},"end":{"line":25,"column":26}},"11":{"start":{"line":29,"column":4},"end":{"line":29,"column":36}},"12":{"start":{"line":33,"column":4},"end":{"line":35,"column":5}},"13":{"start":{"line":34,"column":6},"end":{"line":34,"column":43}},"14":{"start":{"line":34,"column":34},"end":{"line":34,"column":43}},"15":{"start":{"line":36,"column":4},"end":{"line":36,"column":16}},"16":{"start":{"line":41,"column":48},"end":{"line":41,"column":75}},"17":{"start":{"line":42,"column":19},"end":{"line":42,"column":45}},"18":{"start":{"line":43,"column":2},"end":{"line":43,"column":27}},"19":{"start":{"line":45,"column":30},"end":{"line":45,"column":72}},"20":{"start":{"line":46,"column":30},"end":{"line":46,"column":72}},"21":{"start":{"line":47,"column":19},"end":{"line":47,"column":106}},"22":{"start":{"line":49,"column":19},"end":{"line":54,"column":3}},"23":{"start":{"line":50,"column":4},"end":{"line":50,"column":53}},"24":{"start":{"line":51,"column":4},"end":{"line":51,"column":26}},"25":{"start":{"line":52,"column":4},"end":{"line":52,"column":32}},"26":{"start":{"line":53,"column":4},"end":{"line":53,"column":20}},"27":{"start":{"line":56,"column":2},"end":{"line":56,"column":34}},"28":{"start":{"line":57,"column":2},"end":{"line":57,"column":33}},"29":{"start":{"line":59,"column":2},"end":{"line":59,"column":25}},"30":{"start":{"line":62,"column":0},"end":{"line":65,"column":3}},"31":{"start":{"line":63,"column":2},"end":{"line":63,"column":61}},"32":{"start":{"line":64,"column":2},"end":{"line":64,"column":18}}},"fnMap":{"0":{"name":"(anonymous_0)","decl":{"start":{"line":13,"column":0},"end":{"line":13,"column":6}},"loc":{"start":{"line":13,"column":0},"end":{"line":38,"column":1}}},"1":{"name":"(anonymous_1)","decl":{"start":{"line":16,"column":2},"end":{"line":16,"column":7}},"loc":{"start":{"line":16,"column":29},"end":{"line":18,"column":3}}},"2":{"name":"(anonymous_2)","decl":{"start":{"line":20,"column":2},"end":{"line":20,"column":7}},"loc":{"start":{"line":20,"column":27},"end":{"line":22,"column":3}}},"3":{"name":"(anonymous_3)","decl":{"start":{"line":24,"column":2},"end":{"line":24,"column":7}},"loc":{"start":{"line":24,"column":25},"end":{"line":26,"column":3}}},"4":{"name":"(anonymous_4)","decl":{"start":{"line":28,"column":2},"end":{"line":28,"column":7}},"loc":{"start":{"line":28,"column":15},"end":{"line":30,"column":3}}},"5":{"name":"(anonymous_5)","decl":{"start":{"line":32,"column":2},"end":{"line":32,"column":7}},"loc":{"start":{"line":32,"column":31},"end":{"line":37,"column":3}}},"6":{"name":"main","decl":{"start":{"line":40,"column":15},"end":{"line":40,"column":19}},"loc":{"start":{"line":40,"column":19},"end":{"line":60,"column":1}}},"7":{"name":"(anonymous_7)","decl":{"start":{"line":49,"column":19},"end":{"line":49,"column":24}},"loc":{"start":{"line":49,"column":45},"end":{"line":54,"column":3}}},"8":{"name":"(anonymous_8)","decl":{"start":{"line":62,"column":13},"end":{"line":62,"column":14}},"loc":{"start":{"line":62,"column":21},"end":{"line":65,"column":1}}}},"branchMap":{"0":{"loc":{"start":{"line":9,"column":16},"end":{"line":9,"column":61}},"type":"binary-expr","locations":[{"start":{"line":9,"column":16},"end":{"line":9,"column":41}},{"start":{"line":9,"column":45},"end":{"line":9,"column":61}}]},"1":{"loc":{"start":{"line":10,"column":16},"end":{"line":10,"column":62}},"type":"binary-expr","locations":[{"start":{"line":10,"column":16},"end":{"line":10,"column":42}},{"start":{"line":10,"column":46},"end":{"line":10,"column":62}}]},"2":{"loc":{"start":{"line":21,"column":11},"end":{"line":21,"column":37}},"type":"binary-expr","locations":[{"start":{"line":21,"column":11},"end":{"line":21,"column":29}},{"start":{"line":21,"column":33},"end":{"line":21,"column":37}}]},"3":{"loc":{"start":{"line":34,"column":6},"end":{"line":34,"column":43}},"type":"if","locations":[{"start":{"line":34,"column":6},"end":{"line":34,"column":43}}]}},"s":{"0":0,"1":0,"2":0,"3":0,"4":0,"5":0,"6":0,"7":0,"8":0,"9":0,"10":0,"11":0,"12":0,"13":0,"14":0,"15":0,"16":0,"17":0,"18":0,"19":0,"20":0,"21":0,"22":0,"23":0,"24":0,"25":0,"26":0,"27":0,"28":0,"29":0,"30":0,"31":0,"32":0},"f":{"0":0,"1":0,"2":0,"3":0,"4":0,"5":0,"6":0,"7":0,"8":0},"b":{"0":[0,0],"1":[0,0],"2":[0,0],"3":[0]}}
,"/Volumes/m2/Projetos/TesteManuel/apps/domain-service/src/application/commands/AddToCartCommand.ts": {"path":"/Volumes/m2/Projetos/TesteManuel/apps/domain-service/src/application/commands/AddToCartCommand.ts","statementMap":{"0":{"start":{"line":3,"column":13},"end":{"line":3,"column":27}},"1":{"start":{"line":4,"column":13},"end":{"line":4,"column":30}},"2":{"start":{"line":5,"column":13},"end":{"line":5,"column":29}},"3":{"start":{"line":6,"column":13},"end":{"line":6,"column":30}},"4":{"start":{"line":1,"column":0},"end":{"line":1,"column":13}}},"fnMap":{"0":{"name":"(anonymous_0)","decl":{"start":{"line":2,"column":2},"end":{"line":2,"column":null}},"loc":{"start":{"line":6,"column":30},"end":{"line":7,"column":6}}}},"branchMap":{},"s":{"0":9,"1":9,"2":9,"3":9,"4":1},"f":{"0":9},"b":{}}
,"/Volumes/m2/Projetos/TesteManuel/apps/domain-service/src/application/commands/CreateProductCommand.ts": {"path":"/Volumes/m2/Projetos/TesteManuel/apps/domain-service/src/application/commands/CreateProductCommand.ts","statementMap":{"0":{"start":{"line":3,"column":13},"end":{"line":3,"column":25}},"1":{"start":{"line":4,"column":13},"end":{"line":4,"column":32}},"2":{"start":{"line":5,"column":13},"end":{"line":5,"column":26}},"3":{"start":{"line":6,"column":13},"end":{"line":6,"column":26}},"4":{"start":{"line":7,"column":13},"end":{"line":7,"column":32}},"5":{"start":{"line":1,"column":0},"end":{"line":1,"column":13}}},"fnMap":{"0":{"name":"(anonymous_0)","decl":{"start":{"line":2,"column":2},"end":{"line":2,"column":null}},"loc":{"start":{"line":7,"column":37},"end":{"line":8,"column":6}}}},"branchMap":{"0":{"loc":{"start":{"line":7,"column":13},"end":{"line":7,"column":37}},"type":"default-arg","locations":[{"start":{"line":7,"column":32},"end":{"line":7,"column":37}}]}},"s":{"0":6,"1":6,"2":6,"3":6,"4":6,"5":1},"f":{"0":6},"b":{"0":[5]}}
,"/Volumes/m2/Projetos/TesteManuel/apps/domain-service/src/application/dto/ProductDTO.ts": {"path":"/Volumes/m2/Projetos/TesteManuel/apps/domain-service/src/application/dto/ProductDTO.ts","statementMap":{"0":{"start":{"line":13,"column":4},"end":{"line":13,"column":32}},"1":{"start":{"line":14,"column":4},"end":{"line":14,"column":36}},"2":{"start":{"line":15,"column":4},"end":{"line":15,"column":50}},"3":{"start":{"line":16,"column":4},"end":{"line":16,"column":45}},"4":{"start":{"line":17,"column":4},"end":{"line":17,"column":50}},"5":{"start":{"line":18,"column":4},"end":{"line":18,"column":47}},"6":{"start":{"line":19,"column":4},"end":{"line":19,"column":39}},"7":{"start":{"line":3,"column":0},"end":{"line":3,"column":13}}},"fnMap":{"0":{"name":"(anonymous_0)","decl":{"start":{"line":12,"column":2},"end":{"line":12,"column":14}},"loc":{"start":{"line":12,"column":30},"end":{"line":20,"column":3}}}},"branchMap":{},"s":{"0":8,"1":8,"2":8,"3":8,"4":8,"5":8,"6":8,"7":2},"f":{"0":8},"b":{}}
,"/Volumes/m2/Projetos/TesteManuel/apps/domain-service/src/application/handlers/AddToCartHandler.ts": {"path":"/Volumes/m2/Projetos/TesteManuel/apps/domain-service/src/application/handlers/AddToCartHandler.ts","statementMap":{"0":{"start":{"line":2,"column":0},"end":{"line":2,"column":55}},"1":{"start":{"line":6,"column":22},"end":{"line":6,"column":53}},"2":{"start":{"line":9,"column":15},"end":{"line":9,"column":69}},"3":{"start":{"line":11,"column":4},"end":{"line":13,"column":5}},"4":{"start":{"line":12,"column":6},"end":{"line":12,"column":41}},"5":{"start":{"line":15,"column":4},"end":{"line":15,"column":73}},"6":{"start":{"line":16,"column":4},"end":{"line":16,"column":41}},"7":{"start":{"line":18,"column":4},"end":{"line":18,"column":16}},"8":{"start":{"line":5,"column":0},"end":{"line":5,"column":13}}},"fnMap":{"0":{"name":"(anonymous_0)","decl":{"start":{"line":6,"column":2},"end":{"line":6,"column":22}},"loc":{"start":{"line":6,"column":53},"end":{"line":6,"column":57}}},"1":{"name":"(anonymous_1)","decl":{"start":{"line":8,"column":2},"end":{"line":8,"column":7}},"loc":{"start":{"line":8,"column":40},"end":{"line":19,"column":3}}}},"branchMap":{"0":{"loc":{"start":{"line":11,"column":4},"end":{"line":13,"column":5}},"type":"if","locations":[{"start":{"line":11,"column":4},"end":{"line":13,"column":5}}]}},"s":{"0":1,"1":6,"2":9,"3":9,"4":7,"5":9,"6":9,"7":9,"8":1},"f":{"0":6,"1":9},"b":{"0":[7]}}
,"/Volumes/m2/Projetos/TesteManuel/apps/domain-service/src/application/handlers/CreateProductHandler.ts": {"path":"/Volumes/m2/Projetos/TesteManuel/apps/domain-service/src/application/handlers/CreateProductHandler.ts","statementMap":{"0":{"start":{"line":2,"column":0},"end":{"line":2,"column":65}},"1":{"start":{"line":3,"column":0},"end":{"line":3,"column":65}},"2":{"start":{"line":4,"column":0},"end":{"line":4,"column":64}},"3":{"start":{"line":6,"column":0},"end":{"line":6,"column":47}},"4":{"start":{"line":9,"column":22},"end":{"line":9,"column":59}},"5":{"start":{"line":12,"column":18},"end":{"line":12,"column":63}},"6":{"start":{"line":13,"column":18},"end":{"line":13,"column":45}},"7":{"start":{"line":14,"column":20},"end":{"line":14,"column":83}},"8":{"start":{"line":16,"column":4},"end":{"line":16,"column":47}},"9":{"start":{"line":18,"column":4},"end":{"line":18,"column":35}},"10":{"start":{"line":8,"column":0},"end":{"line":8,"column":13}}},"fnMap":{"0":{"name":"(anonymous_0)","decl":{"start":{"line":9,"column":2},"end":{"line":9,"column":22}},"loc":{"start":{"line":9,"column":59},"end":{"line":9,"column":63}}},"1":{"name":"(anonymous_1)","decl":{"start":{"line":11,"column":2},"end":{"line":11,"column":7}},"loc":{"start":{"line":11,"column":44},"end":{"line":19,"column":3}}}},"branchMap":{},"s":{"0":1,"1":1,"2":1,"3":1,"4":6,"5":6,"6":5,"7":4,"8":3,"9":3,"10":1},"f":{"0":6,"1":6},"b":{}}
,"/Volumes/m2/Projetos/TesteManuel/apps/domain-service/src/application/handlers/GetProductsHandler.ts": {"path":"/Volumes/m2/Projetos/TesteManuel/apps/domain-service/src/application/handlers/GetProductsHandler.ts","statementMap":{"0":{"start":{"line":3,"column":0},"end":{"line":3,"column":47}},"1":{"start":{"line":6,"column":22},"end":{"line":6,"column":59}},"2":{"start":{"line":9,"column":21},"end":{"line":9,"column":59}},"3":{"start":{"line":10,"column":4},"end":{"line":10,"column":62}},"4":{"start":{"line":10,"column":37},"end":{"line":10,"column":60}},"5":{"start":{"line":5,"column":0},"end":{"line":5,"column":13}}},"fnMap":{"0":{"name":"(anonymous_0)","decl":{"start":{"line":6,"column":2},"end":{"line":6,"column":22}},"loc":{"start":{"line":6,"column":59},"end":{"line":6,"column":63}}},"1":{"name":"(anonymous_1)","decl":{"start":{"line":8,"column":2},"end":{"line":8,"column":7}},"loc":{"start":{"line":8,"column":39},"end":{"line":11,"column":3}}},"2":{"name":"(anonymous_2)","decl":{"start":{"line":10,"column":24},"end":{"line":10,"column":25}},"loc":{"start":{"line":10,"column":37},"end":{"line":10,"column":60}}}},"branchMap":{},"s":{"0":1,"1":5,"2":5,"3":5,"4":5,"5":1},"f":{"0":5,"1":5,"2":5},"b":{}}
,"/Volumes/m2/Projetos/TesteManuel/apps/domain-service/src/application/handlers/ReleaseStockHandler.ts": {"path":"/Volumes/m2/Projetos/TesteManuel/apps/domain-service/src/application/handlers/ReleaseStockHandler.ts","statementMap":{"0":{"start":{"line":17,"column":12},"end":{"line":19,"column":2}},"1":{"start":{"line":18,"column":25},"end":{"line":18,"column":69}},"2":{"start":{"line":22,"column":31},"end":{"line":22,"column":68}},"3":{"start":{"line":25,"column":4},"end":{"line":33,"column":5}},"4":{"start":{"line":26,"column":22},"end":{"line":26,"column":75}},"5":{"start":{"line":27,"column":6},"end":{"line":30,"column":7}},"6":{"start":{"line":28,"column":8},"end":{"line":28,"column":103}},"7":{"start":{"line":29,"column":8},"end":{"line":29,"column":17}},"8":{"start":{"line":31,"column":6},"end":{"line":31,"column":44}},"9":{"start":{"line":32,"column":6},"end":{"line":32,"column":49}},"10":{"start":{"line":21,"column":0},"end":{"line":21,"column":13}}},"fnMap":{"0":{"name":"(anonymous_0)","decl":{"start":{"line":18,"column":8},"end":{"line":18,"column":9}},"loc":{"start":{"line":18,"column":25},"end":{"line":18,"column":69}}},"1":{"name":"(anonymous_1)","decl":{"start":{"line":22,"column":2},"end":{"line":22,"column":31}},"loc":{"start":{"line":22,"column":68},"end":{"line":22,"column":72}}},"2":{"name":"(anonymous_2)","decl":{"start":{"line":24,"column":2},"end":{"line":24,"column":7}},"loc":{"start":{"line":24,"column":43},"end":{"line":34,"column":3}}}},"branchMap":{"0":{"loc":{"start":{"line":27,"column":6},"end":{"line":30,"column":7}},"type":"if","locations":[{"start":{"line":27,"column":6},"end":{"line":30,"column":7}}]}},"s":{"0":1,"1":2,"2":4,"3":4,"4":6,"5":6,"6":2,"7":2,"8":4,"9":4,"10":1},"f":{"0":2,"1":4,"2":4},"b":{"0":[2]}}
,"/Volumes/m2/Projetos/TesteManuel/apps/domain-service/src/application/handlers/ReserveStockHandler.ts": {"path":"/Volumes/m2/Projetos/TesteManuel/apps/domain-service/src/application/handlers/ReserveStockHandler.ts","statementMap":{"0":{"start":{"line":22,"column":31},"end":{"line":22,"column":68}},"1":{"start":{"line":25,"column":42},"end":{"line":25,"column":44}},"2":{"start":{"line":27,"column":4},"end":{"line":41,"column":5}},"3":{"start":{"line":28,"column":22},"end":{"line":28,"column":75}},"4":{"start":{"line":29,"column":6},"end":{"line":32,"column":7}},"5":{"start":{"line":30,"column":8},"end":{"line":30,"column":39}},"6":{"start":{"line":31,"column":8},"end":{"line":31,"column":81}},"7":{"start":{"line":33,"column":6},"end":{"line":40,"column":7}},"8":{"start":{"line":34,"column":8},"end":{"line":34,"column":44}},"9":{"start":{"line":35,"column":8},"end":{"line":35,"column":51}},"10":{"start":{"line":36,"column":8},"end":{"line":36,"column":29}},"11":{"start":{"line":38,"column":8},"end":{"line":38,"column":39}},"12":{"start":{"line":39,"column":8},"end":{"line":39,"column":66}},"13":{"start":{"line":42,"column":4},"end":{"line":42,"column":29}},"14":{"start":{"line":46,"column":4},"end":{"line":52,"column":5}},"15":{"start":{"line":47,"column":22},"end":{"line":47,"column":75}},"16":{"start":{"line":48,"column":6},"end":{"line":51,"column":7}},"17":{"start":{"line":49,"column":8},"end":{"line":49,"column":46}},"18":{"start":{"line":50,"column":8},"end":{"line":50,"column":51}},"19":{"start":{"line":21,"column":0},"end":{"line":21,"column":13}}},"fnMap":{"0":{"name":"(anonymous_0)","decl":{"start":{"line":22,"column":2},"end":{"line":22,"column":31}},"loc":{"start":{"line":22,"column":68},"end":{"line":22,"column":72}}},"1":{"name":"(anonymous_1)","decl":{"start":{"line":24,"column":2},"end":{"line":24,"column":7}},"loc":{"start":{"line":24,"column":43},"end":{"line":43,"column":3}}},"2":{"name":"(anonymous_2)","decl":{"start":{"line":45,"column":10},"end":{"line":45,"column":15}},"loc":{"start":{"line":45,"column":54},"end":{"line":53,"column":3}}}},"branchMap":{"0":{"loc":{"start":{"line":29,"column":6},"end":{"line":32,"column":7}},"type":"if","locations":[{"start":{"line":29,"column":6},"end":{"line":32,"column":7}}]},"1":{"loc":{"start":{"line":48,"column":6},"end":{"line":51,"column":7}},"type":"if","locations":[{"start":{"line":48,"column":6},"end":{"line":51,"column":7}}]}},"s":{"0":8,"1":8,"2":8,"3":14,"4":14,"5":2,"6":2,"7":12,"8":12,"9":9,"10":9,"11":3,"12":3,"13":3,"14":5,"15":3,"16":3,"17":3,"18":3,"19":1},"f":{"0":8,"1":8,"2":5},"b":{"0":[2],"1":[3]}}
,"/Volumes/m2/Projetos/TesteManuel/apps/domain-service/src/application/queries/GetProductsQuery.ts": {"path":"/Volumes/m2/Projetos/TesteManuel/apps/domain-service/src/application/queries/GetProductsQuery.ts","statementMap":{"0":{"start":{"line":3,"column":13},"end":{"line":3,"column":27}},"1":{"start":{"line":4,"column":13},"end":{"line":4,"column":28}},"2":{"start":{"line":1,"column":0},"end":{"line":1,"column":13}}},"fnMap":{"0":{"name":"(anonymous_0)","decl":{"start":{"line":2,"column":2},"end":{"line":2,"column":null}},"loc":{"start":{"line":4,"column":28},"end":{"line":5,"column":6}}}},"branchMap":{},"s":{"0":0,"1":0,"2":0},"f":{"0":0},"b":{}}
,"/Volumes/m2/Projetos/TesteManuel/apps/domain-service/src/domain/cart/entities/Cart.ts": {"path":"/Volumes/m2/Projetos/TesteManuel/apps/domain-service/src/domain/cart/entities/Cart.ts","statementMap":{"0":{"start":{"line":1,"column":0},"end":{"line":1,"column":53}},"1":{"start":{"line":2,"column":0},"end":{"line":2,"column":56}},"2":{"start":{"line":3,"column":0},"end":{"line":3,"column":66}},"3":{"start":{"line":4,"column":0},"end":{"line":4,"column":70}},"4":{"start":{"line":5,"column":0},"end":{"line":5,"column":86}},"5":{"start":{"line":26,"column":4},"end":{"line":26,"column":32}},"6":{"start":{"line":27,"column":4},"end":{"line":27,"column":31}},"7":{"start":{"line":28,"column":4},"end":{"line":28,"column":83}},"8":{"start":{"line":28,"column":51},"end":{"line":28,"column":80}},"9":{"start":{"line":29,"column":4},"end":{"line":29,"column":37}},"10":{"start":{"line":33,"column":4},"end":{"line":35,"column":5}},"11":{"start":{"line":34,"column":6},"end":{"line":34,"column":45}},"12":{"start":{"line":36,"column":4},"end":{"line":41,"column":7}},"13":{"start":{"line":45,"column":4},"end":{"line":51,"column":5}},"14":{"start":{"line":46,"column":6},"end":{"line":46,"column":69}},"15":{"start":{"line":46,"column":27},"end":{"line":46,"column":69}},"16":{"start":{"line":47,"column":6},"end":{"line":49,"column":7}},"17":{"start":{"line":48,"column":8},"end":{"line":48,"column":63}},"18":{"start":{"line":50,"column":6},"end":{"line":50,"column":79}},"19":{"start":{"line":50,"column":30},"end":{"line":50,"column":79}},"20":{"start":{"line":52,"column":4},"end":{"line":52,"column":27}},"21":{"start":{"line":56,"column":4},"end":{"line":56,"column":62}},"22":{"start":{"line":56,"column":20},"end":{"line":56,"column":62}},"23":{"start":{"line":57,"column":4},"end":{"line":59,"column":5}},"24":{"start":{"line":58,"column":6},"end":{"line":58,"column":61}},"25":{"start":{"line":60,"column":4},"end":{"line":60,"column":72}},"26":{"start":{"line":60,"column":23},"end":{"line":60,"column":72}},"27":{"start":{"line":62,"column":21},"end":{"line":62,"column":46}},"28":{"start":{"line":63,"column":4},"end":{"line":67,"column":5}},"29":{"start":{"line":64,"column":6},"end":{"line":64,"column":89}},"30":{"start":{"line":66,"column":6},"end":{"line":66,"column":68}},"31":{"start":{"line":68,"column":4},"end":{"line":68,"column":32}},"32":{"start":{"line":69,"column":4},"end":{"line":69,"column":103}},"33":{"start":{"line":73,"column":4},"end":{"line":75,"column":5}},"34":{"start":{"line":74,"column":6},"end":{"line":74,"column":48}},"35":{"start":{"line":76,"column":4},"end":{"line":76,"column":33}},"36":{"start":{"line":77,"column":4},"end":{"line":77,"column":32}},"37":{"start":{"line":78,"column":4},"end":{"line":78,"column":84}},"38":{"start":{"line":82,"column":4},"end":{"line":84,"column":5}},"39":{"start":{"line":83,"column":6},"end":{"line":83,"column":61}},"40":{"start":{"line":85,"column":4},"end":{"line":87,"column":5}},"41":{"start":{"line":86,"column":6},"end":{"line":86,"column":48}},"42":{"start":{"line":88,"column":21},"end":{"line":88,"column":46}},"43":{"start":{"line":89,"column":4},"end":{"line":89,"column":61}},"44":{"start":{"line":89,"column":19},"end":{"line":89,"column":61}},"45":{"start":{"line":90,"column":4},"end":{"line":90,"column":57}},"46":{"start":{"line":91,"column":4},"end":{"line":91,"column":32}},"47":{"start":{"line":92,"column":4},"end":{"line":92,"column":102}},"48":{"start":{"line":96,"column":4},"end":{"line":96,"column":23}},"49":{"start":{"line":97,"column":4},"end":{"line":97,"column":32}},"50":{"start":{"line":101,"column":4},"end":{"line":101,"column":20}},"51":{"start":{"line":105,"column":4},"end":{"line":105,"column":23}},"52":{"start":{"line":109,"column":4},"end":{"line":109,"column":43}},"53":{"start":{"line":113,"column":4},"end":{"line":113,"column":26}},"54":{"start":{"line":117,"column":4},"end":{"line":122,"column":12}},"55":{"start":{"line":119,"column":23},"end":{"line":119,"column":59}},"56":{"start":{"line":126,"column":4},"end":{"line":126,"column":89}},"57":{"start":{"line":126,"column":65},"end":{"line":126,"column":84}},"58":{"start":{"line":130,"column":4},"end":{"line":130,"column":34}},"59":{"start":{"line":20,"column":0},"end":{"line":20,"column":13}}},"fnMap":{"0":{"name":"(anonymous_0)","decl":{"start":{"line":25,"column":2},"end":{"line":25,"column":22}},"loc":{"start":{"line":25,"column":38},"end":{"line":30,"column":3}}},"1":{"name":"(anonymous_1)","decl":{"start":{"line":28,"column":41},"end":{"line":28,"column":42}},"loc":{"start":{"line":28,"column":51},"end":{"line":28,"column":80}}},"2":{"name":"(anonymous_2)","decl":{"start":{"line":32,"column":2},"end":{"line":32,"column":8}},"loc":{"start":{"line":32,"column":30},"end":{"line":42,"column":3}}},"3":{"name":"(anonymous_3)","decl":{"start":{"line":44,"column":2},"end":{"line":44,"column":8}},"loc":{"start":{"line":44,"column":38},"end":{"line":53,"column":3}}},"4":{"name":"(anonymous_4)","decl":{"start":{"line":55,"column":2},"end":{"line":55,"column":9}},"loc":{"start":{"line":55,"column":64},"end":{"line":70,"column":3}}},"5":{"name":"(anonymous_5)","decl":{"start":{"line":72,"column":2},"end":{"line":72,"column":12}},"loc":{"start":{"line":72,"column":30},"end":{"line":79,"column":3}}},"6":{"name":"(anonymous_6)","decl":{"start":{"line":81,"column":2},"end":{"line":81,"column":16}},"loc":{"start":{"line":81,"column":52},"end":{"line":93,"column":3}}},"7":{"name":"(anonymous_7)","decl":{"start":{"line":95,"column":2},"end":{"line":95,"column":7}},"loc":{"start":{"line":95,"column":7},"end":{"line":98,"column":3}}},"8":{"name":"(anonymous_8)","decl":{"start":{"line":100,"column":2},"end":{"line":100,"column":6}},"loc":{"start":{"line":100,"column":12},"end":{"line":102,"column":3}}},"9":{"name":"(anonymous_9)","decl":{"start":{"line":104,"column":2},"end":{"line":104,"column":6}},"loc":{"start":{"line":104,"column":16},"end":{"line":106,"column":3}}},"10":{"name":"(anonymous_10)","decl":{"start":{"line":108,"column":2},"end":{"line":108,"column":6}},"loc":{"start":{"line":108,"column":15},"end":{"line":110,"column":3}}},"11":{"name":"(anonymous_11)","decl":{"start":{"line":112,"column":2},"end":{"line":112,"column":6}},"loc":{"start":{"line":112,"column":19},"end":{"line":114,"column":3}}},"12":{"name":"(anonymous_12)","decl":{"start":{"line":116,"column":2},"end":{"line":116,"column":6}},"loc":{"start":{"line":116,"column":11},"end":{"line":123,"column":3}}},"13":{"name":"(anonymous_13)","decl":{"start":{"line":119,"column":8},"end":{"line":119,"column":9}},"loc":{"start":{"line":119,"column":23},"end":{"line":119,"column":59}}},"14":{"name":"(anonymous_14)","decl":{"start":{"line":125,"column":2},"end":{"line":125,"column":6}},"loc":{"start":{"line":125,"column":15},"end":{"line":127,"column":3}}},"15":{"name":"(anonymous_15)","decl":{"start":{"line":126,"column":50},"end":{"line":126,"column":51}},"loc":{"start":{"line":126,"column":65},"end":{"line":126,"column":84}}},"16":{"name":"(anonymous_16)","decl":{"start":{"line":129,"column":2},"end":{"line":129,"column":8}},"loc":{"start":{"line":129,"column":20},"end":{"line":131,"column":3}}}},"branchMap":{"0":{"loc":{"start":{"line":33,"column":4},"end":{"line":35,"column":5}},"type":"if","locations":[{"start":{"line":33,"column":4},"end":{"line":35,"column":5}}]},"1":{"loc":{"start":{"line":46,"column":6},"end":{"line":46,"column":69}},"type":"if","locations":[{"start":{"line":46,"column":6},"end":{"line":46,"column":69}}]},"2":{"loc":{"start":{"line":47,"column":6},"end":{"line":49,"column":7}},"type":"if","locations":[{"start":{"line":47,"column":6},"end":{"line":49,"column":7}}]},"3":{"loc":{"start":{"line":47,"column":10},"end":{"line":47,"column":64}},"type":"binary-expr","locations":[{"start":{"line":47,"column":10},"end":{"line":47,"column":42}},{"start":{"line":47,"column":46},"end":{"line":47,"column":64}}]},"4":{"loc":{"start":{"line":50,"column":6},"end":{"line":50,"column":79}},"type":"if","locations":[{"start":{"line":50,"column":6},"end":{"line":50,"column":79}}]},"5":{"loc":{"start":{"line":56,"column":4},"end":{"line":56,"column":62}},"type":"if","locations":[{"start":{"line":56,"column":4},"end":{"line":56,"column":62}}]},"6":{"loc":{"start":{"line":57,"column":4},"end":{"line":59,"column":5}},"type":"if","locations":[{"start":{"line":57,"column":4},"end":{"line":59,"column":5}}]},"7":{"loc":{"start":{"line":57,"column":8},"end":{"line":57,"column":52}},"type":"binary-expr","locations":[{"start":{"line":57,"column":8},"end":{"line":57,"column":35}},{"start":{"line":57,"column":39},"end":{"line":57,"column":52}}]},"8":{"loc":{"start":{"line":60,"column":4},"end":{"line":60,"column":72}},"type":"if","locations":[{"start":{"line":60,"column":4},"end":{"line":60,"column":72}}]},"9":{"loc":{"start":{"line":63,"column":4},"end":{"line":67,"column":5}},"type":"if","locations":[{"start":{"line":63,"column":4},"end":{"line":67,"column":5}},{"start":{"line":65,"column":11},"end":{"line":67,"column":5}}]},"10":{"loc":{"start":{"line":73,"column":4},"end":{"line":75,"column":5}},"type":"if","locations":[{"start":{"line":73,"column":4},"end":{"line":75,"column":5}}]},"11":{"loc":{"start":{"line":82,"column":4},"end":{"line":84,"column":5}},"type":"if","locations":[{"start":{"line":82,"column":4},"end":{"line":84,"column":5}}]},"12":{"loc":{"start":{"line":82,"column":8},"end":{"line":82,"column":52}},"type":"binary-expr","locations":[{"start":{"line":82,"column":8},"end":{"line":82,"column":35}},{"start":{"line":82,"column":39},"end":{"line":82,"column":52}}]},"13":{"loc":{"start":{"line":85,"column":4},"end":{"line":87,"column":5}},"type":"if","locations":[{"start":{"line":85,"column":4},"end":{"line":87,"column":5}}]},"14":{"loc":{"start":{"line":89,"column":4},"end":{"line":89,"column":61}},"type":"if","locations":[{"start":{"line":89,"column":4},"end":{"line":89,"column":61}}]}},"s":{"0":2,"1":2,"2":2,"3":2,"4":2,"5":30,"6":30,"7":30,"8":1,"9":30,"10":29,"11":1,"12":28,"13":6,"14":5,"15":1,"16":4,"17":2,"18":2,"19":1,"20":2,"21":29,"22":1,"23":28,"24":3,"25":25,"26":1,"27":24,"28":24,"29":2,"30":22,"31":24,"32":24,"33":3,"34":1,"35":2,"36":2,"37":2,"38":6,"39":3,"40":3,"41":1,"42":2,"43":2,"44":0,"45":2,"46":2,"47":2,"48":1,"49":1,"50":12,"51":8,"52":23,"53":3,"54":8,"55":6,"56":2,"57":2,"58":2,"59":2},"f":{"0":30,"1":1,"2":29,"3":6,"4":29,"5":3,"6":6,"7":1,"8":12,"9":8,"10":23,"11":3,"12":8,"13":6,"14":2,"15":2,"16":2},"b":{"0":[1],"1":[1],"2":[2],"3":[4,3],"4":[1],"5":[1],"6":[3],"7":[28,27],"8":[1],"9":[2,22],"10":[1],"11":[3],"12":[6,5],"13":[1],"14":[0]}}
,"/Volumes/m2/Projetos/TesteManuel/apps/domain-service/src/domain/cart/events/CartItemAddedEvent.ts": {"path":"/Volumes/m2/Projetos/TesteManuel/apps/domain-service/src/domain/cart/events/CartItemAddedEvent.ts","statementMap":{"0":{"start":{"line":1,"column":0},"end":{"line":1,"column":51}},"1":{"start":{"line":13,"column":4},"end":{"line":13,"column":12}},"2":{"start":{"line":7,"column":13},"end":{"line":7,"column":27}},"3":{"start":{"line":8,"column":13},"end":{"line":8,"column":27}},"4":{"start":{"line":9,"column":13},"end":{"line":9,"column":30}},"5":{"start":{"line":10,"column":13},"end":{"line":10,"column":29}},"6":{"start":{"line":11,"column":13},"end":{"line":11,"column":30}},"7":{"start":{"line":4,"column":11},"end":{"line":4,"column":39}},"8":{"start":{"line":3,"column":0},"end":{"line":3,"column":13}}},"fnMap":{"0":{"name":"(anonymous_0)","decl":{"start":{"line":6,"column":2},"end":{"line":6,"column":null}},"loc":{"start":{"line":11,"column":30},"end":{"line":14,"column":3}}}},"branchMap":{},"s":{"0":2,"1":24,"2":24,"3":24,"4":24,"5":24,"6":24,"7":24,"8":2},"f":{"0":24},"b":{}}
,"/Volumes/m2/Projetos/TesteManuel/apps/domain-service/src/domain/cart/events/CartItemQuantityUpdatedEvent.ts": {"path":"/Volumes/m2/Projetos/TesteManuel/apps/domain-service/src/domain/cart/events/CartItemQuantityUpdatedEvent.ts","statementMap":{"0":{"start":{"line":1,"column":0},"end":{"line":1,"column":51}},"1":{"start":{"line":12,"column":4},"end":{"line":12,"column":12}},"2":{"start":{"line":7,"column":13},"end":{"line":7,"column":27}},"3":{"start":{"line":8,"column":13},"end":{"line":8,"column":27}},"4":{"start":{"line":9,"column":13},"end":{"line":9,"column":30}},"5":{"start":{"line":10,"column":13},"end":{"line":10,"column":32}},"6":{"start":{"line":4,"column":11},"end":{"line":4,"column":49}},"7":{"start":{"line":3,"column":0},"end":{"line":3,"column":13}}},"fnMap":{"0":{"name":"(anonymous_0)","decl":{"start":{"line":6,"column":2},"end":{"line":6,"column":null}},"loc":{"start":{"line":10,"column":32},"end":{"line":13,"column":3}}}},"branchMap":{},"s":{"0":2,"1":2,"2":2,"3":2,"4":2,"5":2,"6":2,"7":2},"f":{"0":2},"b":{}}
,"/Volumes/m2/Projetos/TesteManuel/apps/domain-service/src/domain/cart/events/CartItemRemovedEvent.ts": {"path":"/Volumes/m2/Projetos/TesteManuel/apps/domain-service/src/domain/cart/events/CartItemRemovedEvent.ts","statementMap":{"0":{"start":{"line":1,"column":0},"end":{"line":1,"column":51}},"1":{"start":{"line":11,"column":4},"end":{"line":11,"column":12}},"2":{"start":{"line":7,"column":13},"end":{"line":7,"column":27}},"3":{"start":{"line":8,"column":13},"end":{"line":8,"column":27}},"4":{"start":{"line":9,"column":13},"end":{"line":9,"column":30}},"5":{"start":{"line":4,"column":11},"end":{"line":4,"column":41}},"6":{"start":{"line":3,"column":0},"end":{"line":3,"column":13}}},"fnMap":{"0":{"name":"(anonymous_0)","decl":{"start":{"line":6,"column":2},"end":{"line":6,"column":null}},"loc":{"start":{"line":9,"column":30},"end":{"line":12,"column":3}}}},"branchMap":{},"s":{"0":2,"1":2,"2":2,"3":2,"4":2,"5":2,"6":2},"f":{"0":2},"b":{}}
,"/Volumes/m2/Projetos/TesteManuel/apps/domain-service/src/domain/product/entities/Product.ts": {"path":"/Volumes/m2/Projetos/TesteManuel/apps/domain-service/src/domain/product/entities/Product.ts","statementMap":{"0":{"start":{"line":1,"column":0},"end":{"line":1,"column":53}},"1":{"start":{"line":2,"column":0},"end":{"line":2,"column":56}},"2":{"start":{"line":5,"column":0},"end":{"line":5,"column":68}},"3":{"start":{"line":23,"column":4},"end":{"line":23,"column":37}},"4":{"start":{"line":24,"column":4},"end":{"line":24,"column":27}},"5":{"start":{"line":25,"column":4},"end":{"line":25,"column":41}},"6":{"start":{"line":26,"column":4},"end":{"line":26,"column":29}},"7":{"start":{"line":27,"column":4},"end":{"line":27,"column":29}},"8":{"start":{"line":31,"column":4},"end":{"line":33,"column":5}},"9":{"start":{"line":32,"column":6},"end":{"line":32,"column":54}},"10":{"start":{"line":35,"column":22},"end":{"line":35,"column":34}},"11":{"start":{"line":36,"column":20},"end":{"line":43,"column":6}},"12":{"start":{"line":45,"column":4},"end":{"line":47,"column":6}},"13":{"start":{"line":49,"column":4},"end":{"line":49,"column":19}},"14":{"start":{"line":53,"column":4},"end":{"line":55,"column":5}},"15":{"start":{"line":54,"column":6},"end":{"line":54,"column":54}},"16":{"start":{"line":56,"column":4},"end":{"line":56,"column":30}},"17":{"start":{"line":60,"column":4},"end":{"line":60,"column":26}},"18":{"start":{"line":64,"column":4},"end":{"line":64,"column":46}},"19":{"start":{"line":68,"column":4},"end":{"line":68,"column":48}},"20":{"start":{"line":72,"column":4},"end":{"line":72,"column":20}},"21":{"start":{"line":76,"column":4},"end":{"line":76,"column":21}},"22":{"start":{"line":80,"column":4},"end":{"line":80,"column":28}},"23":{"start":{"line":84,"column":4},"end":{"line":84,"column":22}},"24":{"start":{"line":88,"column":4},"end":{"line":88,"column":22}},"25":{"start":{"line":92,"column":4},"end":{"line":92,"column":34}},"26":{"start":{"line":16,"column":0},"end":{"line":16,"column":13}}},"fnMap":{"0":{"name":"(anonymous_0)","decl":{"start":{"line":22,"column":2},"end":{"line":22,"column":22}},"loc":{"start":{"line":22,"column":41},"end":{"line":28,"column":3}}},"1":{"name":"(anonymous_1)","decl":{"start":{"line":30,"column":2},"end":{"line":30,"column":8}},"loc":{"start":{"line":30,"column":77},"end":{"line":50,"column":3}}},"2":{"name":"(anonymous_2)","decl":{"start":{"line":52,"column":2},"end":{"line":52,"column":8}},"loc":{"start":{"line":52,"column":41},"end":{"line":57,"column":3}}},"3":{"name":"(anonymous_3)","decl":{"start":{"line":59,"column":2},"end":{"line":59,"column":13}},"loc":{"start":{"line":59,"column":29},"end":{"line":61,"column":3}}},"4":{"name":"(anonymous_4)","decl":{"start":{"line":63,"column":2},"end":{"line":63,"column":14}},"loc":{"start":{"line":63,"column":31},"end":{"line":65,"column":3}}},"5":{"name":"(anonymous_5)","decl":{"start":{"line":67,"column":2},"end":{"line":67,"column":16}},"loc":{"start":{"line":67,"column":33},"end":{"line":69,"column":3}}},"6":{"name":"(anonymous_6)","decl":{"start":{"line":71,"column":2},"end":{"line":71,"column":6}},"loc":{"start":{"line":71,"column":15},"end":{"line":73,"column":3}}},"7":{"name":"(anonymous_7)","decl":{"start":{"line":75,"column":2},"end":{"line":75,"column":6}},"loc":{"start":{"line":75,"column":17},"end":{"line":77,"column":3}}},"8":{"name":"(anonymous_8)","decl":{"start":{"line":79,"column":2},"end":{"line":79,"column":6}},"loc":{"start":{"line":79,"column":24},"end":{"line":81,"column":3}}},"9":{"name":"(anonymous_9)","decl":{"start":{"line":83,"column":2},"end":{"line":83,"column":6}},"loc":{"start":{"line":83,"column":18},"end":{"line":85,"column":3}}},"10":{"name":"(anonymous_10)","decl":{"start":{"line":87,"column":2},"end":{"line":87,"column":6}},"loc":{"start":{"line":87,"column":18},"end":{"line":89,"column":3}}},"11":{"name":"(anonymous_11)","decl":{"start":{"line":91,"column":2},"end":{"line":91,"column":8}},"loc":{"start":{"line":91,"column":23},"end":{"line":93,"column":3}}}},"branchMap":{"0":{"loc":{"start":{"line":31,"column":4},"end":{"line":33,"column":5}},"type":"if","locations":[{"start":{"line":31,"column":4},"end":{"line":33,"column":5}}]},"1":{"loc":{"start":{"line":31,"column":8},"end":{"line":31,"column":41}},"type":"binary-expr","locations":[{"start":{"line":31,"column":8},"end":{"line":31,"column":13}},{"start":{"line":31,"column":17},"end":{"line":31,"column":41}}]},"2":{"loc":{"start":{"line":53,"column":4},"end":{"line":55,"column":5}},"type":"if","locations":[{"start":{"line":53,"column":4},"end":{"line":55,"column":5}}]},"3":{"loc":{"start":{"line":53,"column":8},"end":{"line":53,"column":53}},"type":"binary-expr","locations":[{"start":{"line":53,"column":8},"end":{"line":53,"column":19}},{"start":{"line":53,"column":23},"end":{"line":53,"column":53}}]}},"s":{"0":5,"1":5,"2":5,"3":33,"4":33,"5":33,"6":33,"7":33,"8":13,"9":2,"10":11,"11":11,"12":11,"13":11,"14":24,"15":2,"16":22,"17":1,"18":14,"19":8,"20":50,"21":12,"22":9,"23":18,"24":26,"25":1,"26":5},"f":{"0":33,"1":13,"2":24,"3":1,"4":14,"5":8,"6":50,"7":12,"8":9,"9":18,"10":26,"11":1},"b":{"0":[2],"1":[13,11],"2":[2],"3":[24,23]}}
,"/Volumes/m2/Projetos/TesteManuel/apps/domain-service/src/domain/product/events/ProductCreatedEvent.ts": {"path":"/Volumes/m2/Projetos/TesteManuel/apps/domain-service/src/domain/product/events/ProductCreatedEvent.ts","statementMap":{"0":{"start":{"line":1,"column":0},"end":{"line":1,"column":51}},"1":{"start":{"line":12,"column":4},"end":{"line":12,"column":12}},"2":{"start":{"line":7,"column":13},"end":{"line":7,"column":30}},"3":{"start":{"line":8,"column":13},"end":{"line":8,"column":25}},"4":{"start":{"line":9,"column":13},"end":{"line":9,"column":26}},"5":{"start":{"line":10,"column":13},"end":{"line":10,"column":26}},"6":{"start":{"line":4,"column":11},"end":{"line":4,"column":40}},"7":{"start":{"line":3,"column":0},"end":{"line":3,"column":13}}},"fnMap":{"0":{"name":"(anonymous_0)","decl":{"start":{"line":6,"column":2},"end":{"line":6,"column":null}},"loc":{"start":{"line":10,"column":26},"end":{"line":13,"column":3}}}},"branchMap":{},"s":{"0":5,"1":11,"2":11,"3":11,"4":11,"5":11,"6":11,"7":5},"f":{"0":11},"b":{}}
,"/Volumes/m2/Projetos/TesteManuel/apps/domain-service/src/domain/product/value-objects/Price.ts": {"path":"/Volumes/m2/Projetos/TesteManuel/apps/domain-service/src/domain/product/value-objects/Price.ts","statementMap":{"0":{"start":{"line":1,"column":0},"end":{"line":1,"column":51}},"1":{"start":{"line":10,"column":4},"end":{"line":12,"column":5}},"2":{"start":{"line":11,"column":6},"end":{"line":11,"column":57}},"3":{"start":{"line":13,"column":4},"end":{"line":13,"column":32}},"4":{"start":{"line":17,"column":4},"end":{"line":17,"column":39}},"5":{"start":{"line":21,"column":4},"end":{"line":21,"column":29}},"6":{"start":{"line":25,"column":4},"end":{"line":25,"column":31}},"7":{"start":{"line":29,"column":4},"end":{"line":31,"column":5}},"8":{"start":{"line":30,"column":6},"end":{"line":30,"column":69}},"9":{"start":{"line":32,"column":4},"end":{"line":32,"column":82}},"10":{"start":{"line":36,"column":4},"end":{"line":36,"column":94}},"11":{"start":{"line":40,"column":4},"end":{"line":40,"column":100}},"12":{"start":{"line":8,"column":0},"end":{"line":8,"column":13}}},"fnMap":{"0":{"name":"(anonymous_0)","decl":{"start":{"line":9,"column":2},"end":{"line":9,"column":14}},"loc":{"start":{"line":9,"column":54},"end":{"line":14,"column":3}}},"1":{"name":"(anonymous_1)","decl":{"start":{"line":16,"column":2},"end":{"line":16,"column":8}},"loc":{"start":{"line":16,"column":56},"end":{"line":18,"column":3}}},"2":{"name":"(anonymous_2)","decl":{"start":{"line":20,"column":2},"end":{"line":20,"column":6}},"loc":{"start":{"line":20,"column":12},"end":{"line":22,"column":3}}},"3":{"name":"(anonymous_3)","decl":{"start":{"line":24,"column":2},"end":{"line":24,"column":6}},"loc":{"start":{"line":24,"column":14},"end":{"line":26,"column":3}}},"4":{"name":"(anonymous_4)","decl":{"start":{"line":28,"column":2},"end":{"line":28,"column":5}},"loc":{"start":{"line":28,"column":18},"end":{"line":33,"column":3}}},"5":{"name":"(anonymous_5)","decl":{"start":{"line":35,"column":2},"end":{"line":35,"column":10}},"loc":{"start":{"line":35,"column":25},"end":{"line":37,"column":3}}},"6":{"name":"(anonymous_6)","decl":{"start":{"line":39,"column":2},"end":{"line":39,"column":8}},"loc":{"start":{"line":39,"column":21},"end":{"line":41,"column":3}}}},"branchMap":{"0":{"loc":{"start":{"line":9,"column":30},"end":{"line":9,"column":54}},"type":"default-arg","locations":[{"start":{"line":9,"column":49},"end":{"line":9,"column":54}}]},"1":{"loc":{"start":{"line":10,"column":4},"end":{"line":12,"column":5}},"type":"if","locations":[{"start":{"line":10,"column":4},"end":{"line":12,"column":5}}]},"2":{"loc":{"start":{"line":16,"column":32},"end":{"line":16,"column":56}},"type":"default-arg","locations":[{"start":{"line":16,"column":51},"end":{"line":16,"column":56}}]},"3":{"loc":{"start":{"line":29,"column":4},"end":{"line":31,"column":5}},"type":"if","locations":[{"start":{"line":29,"column":4},"end":{"line":31,"column":5}}]},"4":{"loc":{"start":{"line":40,"column":11},"end":{"line":40,"column":99}},"type":"binary-expr","locations":[{"start":{"line":40,"column":11},"end":{"line":40,"column":51}},{"start":{"line":40,"column":55},"end":{"line":40,"column":99}}]}},"s":{"0":6,"1":55,"2":2,"3":53,"4":53,"5":25,"6":10,"7":2,"8":1,"9":1,"10":1,"11":2,"12":6},"f":{"0":55,"1":53,"2":25,"3":10,"4":2,"5":1,"6":2},"b":{"0":[0],"1":[2],"2":[40],"3":[1],"4":[2,1]}}
,"/Volumes/m2/Projetos/TesteManuel/apps/domain-service/src/domain/product/value-objects/Stock.ts": {"path":"/Volumes/m2/Projetos/TesteManuel/apps/domain-service/src/domain/product/value-objects/Stock.ts","statementMap":{"0":{"start":{"line":1,"column":0},"end":{"line":1,"column":51}},"1":{"start":{"line":9,"column":4},"end":{"line":11,"column":5}},"2":{"start":{"line":10,"column":6},"end":{"line":10,"column":71}},"3":{"start":{"line":12,"column":4},"end":{"line":12,"column":24}},"4":{"start":{"line":16,"column":4},"end":{"line":16,"column":31}},"5":{"start":{"line":20,"column":4},"end":{"line":20,"column":31}},"6":{"start":{"line":24,"column":4},"end":{"line":24,"column":35}},"7":{"start":{"line":28,"column":4},"end":{"line":30,"column":5}},"8":{"start":{"line":29,"column":6},"end":{"line":29,"column":57}},"9":{"start":{"line":31,"column":4},"end":{"line":33,"column":5}},"10":{"start":{"line":32,"column":6},"end":{"line":32,"column":44}},"11":{"start":{"line":34,"column":4},"end":{"line":34,"column":51}},"12":{"start":{"line":38,"column":4},"end":{"line":40,"column":5}},"13":{"start":{"line":39,"column":6},"end":{"line":39,"column":59}},"14":{"start":{"line":41,"column":4},"end":{"line":41,"column":51}},"15":{"start":{"line":45,"column":4},"end":{"line":45,"column":56}},"16":{"start":{"line":7,"column":0},"end":{"line":7,"column":13}}},"fnMap":{"0":{"name":"(anonymous_0)","decl":{"start":{"line":8,"column":2},"end":{"line":8,"column":14}},"loc":{"start":{"line":8,"column":30},"end":{"line":13,"column":3}}},"1":{"name":"(anonymous_1)","decl":{"start":{"line":15,"column":2},"end":{"line":15,"column":8}},"loc":{"start":{"line":15,"column":32},"end":{"line":17,"column":3}}},"2":{"name":"(anonymous_2)","decl":{"start":{"line":19,"column":2},"end":{"line":19,"column":6}},"loc":{"start":{"line":19,"column":14},"end":{"line":21,"column":3}}},"3":{"name":"(anonymous_3)","decl":{"start":{"line":23,"column":2},"end":{"line":23,"column":13}},"loc":{"start":{"line":23,"column":13},"end":{"line":25,"column":3}}},"4":{"name":"(anonymous_4)","decl":{"start":{"line":27,"column":2},"end":{"line":27,"column":9}},"loc":{"start":{"line":27,"column":24},"end":{"line":35,"column":3}}},"5":{"name":"(anonymous_5)","decl":{"start":{"line":37,"column":2},"end":{"line":37,"column":11}},"loc":{"start":{"line":37,"column":26},"end":{"line":42,"column":3}}},"6":{"name":"(anonymous_6)","decl":{"start":{"line":44,"column":2},"end":{"line":44,"column":8}},"loc":{"start":{"line":44,"column":21},"end":{"line":46,"column":3}}}},"branchMap":{"0":{"loc":{"start":{"line":9,"column":4},"end":{"line":11,"column":5}},"type":"if","locations":[{"start":{"line":9,"column":4},"end":{"line":11,"column":5}}]},"1":{"loc":{"start":{"line":9,"column":8},"end":{"line":9,"column":51}},"type":"binary-expr","locations":[{"start":{"line":9,"column":8},"end":{"line":9,"column":35}},{"start":{"line":9,"column":39},"end":{"line":9,"column":51}}]},"2":{"loc":{"start":{"line":28,"column":4},"end":{"line":30,"column":5}},"type":"if","locations":[{"start":{"line":28,"column":4},"end":{"line":30,"column":5}}]},"3":{"loc":{"start":{"line":31,"column":4},"end":{"line":33,"column":5}},"type":"if","locations":[{"start":{"line":31,"column":4},"end":{"line":33,"column":5}}]},"4":{"loc":{"start":{"line":38,"column":4},"end":{"line":40,"column":5}},"type":"if","locations":[{"start":{"line":38,"column":4},"end":{"line":40,"column":5}}]}},"s":{"0":6,"1":72,"2":3,"3":69,"4":52,"5":41,"6":2,"7":17,"8":1,"9":16,"10":5,"11":11,"12":10,"13":1,"14":9,"15":2,"16":6},"f":{"0":72,"1":52,"2":41,"3":2,"4":17,"5":10,"6":2},"b":{"0":[3],"1":[72,71],"2":[1],"3":[5],"4":[1]}}
,"/Volumes/m2/Projetos/TesteManuel/apps/domain-service/src/infrastructure/kafka/consumer.ts": {"path":"/Volumes/m2/Projetos/TesteManuel/apps/domain-service/src/infrastructure/kafka/consumer.ts","statementMap":{"0":{"start":{"line":1,"column":0},"end":{"line":1,"column":62}},"1":{"start":{"line":10,"column":15},"end":{"line":10,"column":67}},"2":{"start":{"line":12,"column":30},"end":{"line":12,"column":36}},"3":{"start":{"line":19,"column":4},"end":{"line":23,"column":5}},"4":{"start":{"line":21,"column":23},"end":{"line":21,"column":79}},"5":{"start":{"line":22,"column":6},"end":{"line":22,"column":50}},"6":{"start":{"line":24,"column":4},"end":{"line":24,"column":52}},"7":{"start":{"line":28,"column":21},"end":{"line":28,"column":36}},"8":{"start":{"line":29,"column":21},"end":{"line":29,"column":36}},"9":{"start":{"line":30,"column":21},"end":{"line":30,"column":62}},"10":{"start":{"line":31,"column":21},"end":{"line":31,"column":62}},"11":{"start":{"line":32,"column":21},"end":{"line":32,"column":45}},"12":{"start":{"line":16,"column":19},"end":{"line":16,"column":81}},"13":{"start":{"line":34,"column":18},"end":{"line":37,"column":6}},"14":{"start":{"line":38,"column":4},"end":{"line":38,"column":57}},"15":{"start":{"line":42,"column":4},"end":{"line":42,"column":34}},"16":{"start":{"line":43,"column":4},"end":{"line":43,"column":81}},"17":{"start":{"line":44,"column":4},"end":{"line":44,"column":123}},"18":{"start":{"line":46,"column":4},"end":{"line":51,"column":7}},"19":{"start":{"line":48,"column":8},"end":{"line":48,"column":35}},"20":{"start":{"line":48,"column":28},"end":{"line":48,"column":35}},"21":{"start":{"line":49,"column":8},"end":{"line":49,"column":50}},"22":{"start":{"line":55,"column":4},"end":{"line":55,"column":37}},"23":{"start":{"line":59,"column":36},"end":{"line":59,"column":63}},"24":{"start":{"line":61,"column":4},"end":{"line":104,"column":5}},"25":{"start":{"line":63,"column":18},"end":{"line":63,"column":56}},"26":{"start":{"line":64,"column":21},"end":{"line":64,"column":63}},"27":{"start":{"line":65,"column":8},"end":{"line":71,"column":9}},"28":{"start":{"line":66,"column":10},"end":{"line":69,"column":13}},"29":{"start":{"line":68,"column":39},"end":{"line":68,"column":88}},"30":{"start":{"line":70,"column":10},"end":{"line":70,"column":52}},"31":{"start":{"line":72,"column":8},"end":{"line":89,"column":9}},"32":{"start":{"line":73,"column":10},"end":{"line":86,"column":11}},"33":{"start":{"line":74,"column":12},"end":{"line":74,"column":65}},"34":{"start":{"line":78,"column":12},"end":{"line":84,"column":14}},"35":{"start":{"line":85,"column":12},"end":{"line":85,"column":22}},"36":{"start":{"line":88,"column":10},"end":{"line":88,"column":87}},"37":{"start":{"line":90,"column":8},"end":{"line":90,"column":14}},"38":{"start":{"line":94,"column":18},"end":{"line":94,"column":66}},"39":{"start":{"line":95,"column":8},"end":{"line":98,"column":11}},"40":{"start":{"line":97,"column":37},"end":{"line":97,"column":86}},"41":{"start":{"line":99,"column":8},"end":{"line":99,"column":14}},"42":{"start":{"line":103,"column":8},"end":{"line":103,"column":14}},"43":{"start":{"line":14,"column":0},"end":{"line":14,"column":13}}},"fnMap":{"0":{"name":"(anonymous_0)","decl":{"start":{"line":18,"column":10},"end":{"line":18,"column":26}},"loc":{"start":{"line":18,"column":70},"end":{"line":25,"column":3}}},"1":{"name":"(anonymous_1)","decl":{"start":{"line":27,"column":2},"end":{"line":27,"column":null}},"loc":{"start":{"line":32,"column":45},"end":{"line":39,"column":3}}},"2":{"name":"(anonymous_2)","decl":{"start":{"line":41,"column":2},"end":{"line":41,"column":7}},"loc":{"start":{"line":41,"column":13},"end":{"line":52,"column":3}}},"3":{"name":"(anonymous_3)","decl":{"start":{"line":47,"column":19},"end":{"line":47,"column":24}},"loc":{"start":{"line":47,"column":68},"end":{"line":50,"column":7}}},"4":{"name":"(anonymous_4)","decl":{"start":{"line":54,"column":2},"end":{"line":54,"column":7}},"loc":{"start":{"line":54,"column":12},"end":{"line":56,"column":3}}},"5":{"name":"(anonymous_5)","decl":{"start":{"line":58,"column":2},"end":{"line":58,"column":7}},"loc":{"start":{"line":58,"column":53},"end":{"line":105,"column":3}}},"6":{"name":"(anonymous_6)","decl":{"start":{"line":68,"column":31},"end":{"line":68,"column":32}},"loc":{"start":{"line":68,"column":39},"end":{"line":68,"column":88}}},"7":{"name":"(anonymous_7)","decl":{"start":{"line":97,"column":29},"end":{"line":97,"column":30}},"loc":{"start":{"line":97,"column":37},"end":{"line":97,"column":86}}}},"branchMap":{"0":{"loc":{"start":{"line":19,"column":4},"end":{"line":23,"column":5}},"type":"if","locations":[{"start":{"line":19,"column":4},"end":{"line":23,"column":5}}]},"1":{"loc":{"start":{"line":48,"column":8},"end":{"line":48,"column":35}},"type":"if","locations":[{"start":{"line":48,"column":8},"end":{"line":48,"column":35}}]},"2":{"loc":{"start":{"line":61,"column":4},"end":{"line":104,"column":5}},"type":"switch","locations":[{"start":{"line":62,"column":6},"end":{"line":91,"column":7}},{"start":{"line":93,"column":6},"end":{"line":100,"column":7}},{"start":{"line":102,"column":6},"end":{"line":103,"column":14}}]},"3":{"loc":{"start":{"line":65,"column":8},"end":{"line":71,"column":9}},"type":"if","locations":[{"start":{"line":65,"column":8},"end":{"line":71,"column":9}}]},"4":{"loc":{"start":{"line":72,"column":8},"end":{"line":89,"column":9}},"type":"if","locations":[{"start":{"line":72,"column":8},"end":{"line":89,"column":9}},{"start":{"line":87,"column":15},"end":{"line":89,"column":9}}]},"5":{"loc":{"start":{"line":82,"column":23},"end":{"line":82,"column":71}},"type":"cond-expr","locations":[{"start":{"line":82,"column":46},"end":{"line":82,"column":57}},{"start":{"line":82,"column":60},"end":{"line":82,"column":71}}]}},"s":{"0":1,"1":1,"2":1,"3":10007,"4":2,"5":2,"6":10007,"7":8,"8":8,"9":8,"10":8,"11":8,"12":8,"13":8,"14":8,"15":0,"16":0,"17":0,"18":0,"19":0,"20":0,"21":0,"22":0,"23":10010,"24":10010,"25":10008,"26":10008,"27":10008,"28":10007,"29":10007,"30":10007,"31":10008,"32":10007,"33":10007,"34":1,"35":1,"36":1,"37":10007,"38":1,"39":1,"40":1,"41":1,"42":1,"43":1},"f":{"0":10007,"1":8,"2":0,"3":0,"4":0,"5":10010,"6":10007,"7":1},"b":{"0":[2],"1":[0],"2":[10008,1,1],"3":[10007],"4":[10007,1],"5":[1,0]}}
,"/Volumes/m2/Projetos/TesteManuel/apps/domain-service/src/infrastructure/kafka/producer.ts": {"path":"/Volumes/m2/Projetos/TesteManuel/apps/domain-service/src/infrastructure/kafka/producer.ts","statementMap":{"0":{"start":{"line":1,"column":0},"end":{"line":1,"column":42}},"1":{"start":{"line":11,"column":31},"end":{"line":11,"column":46}},"2":{"start":{"line":12,"column":18},"end":{"line":15,"column":6}},"3":{"start":{"line":16,"column":4},"end":{"line":16,"column":37}},"4":{"start":{"line":20,"column":4},"end":{"line":20,"column":34}},"5":{"start":{"line":24,"column":4},"end":{"line":24,"column":37}},"6":{"start":{"line":28,"column":4},"end":{"line":33,"column":7}},"7":{"start":{"line":37,"column":4},"end":{"line":42,"column":7}},"8":{"start":{"line":46,"column":4},"end":{"line":49,"column":7}},"9":{"start":{"line":8,"column":0},"end":{"line":8,"column":13}}},"fnMap":{"0":{"name":"(anonymous_0)","decl":{"start":{"line":11,"column":2},"end":{"line":11,"column":31}},"loc":{"start":{"line":11,"column":46},"end":{"line":17,"column":3}}},"1":{"name":"(anonymous_1)","decl":{"start":{"line":19,"column":2},"end":{"line":19,"column":7}},"loc":{"start":{"line":19,"column":15},"end":{"line":21,"column":3}}},"2":{"name":"(anonymous_2)","decl":{"start":{"line":23,"column":2},"end":{"line":23,"column":7}},"loc":{"start":{"line":23,"column":18},"end":{"line":25,"column":3}}},"3":{"name":"(anonymous_3)","decl":{"start":{"line":27,"column":2},"end":{"line":27,"column":7}},"loc":{"start":{"line":27,"column":44},"end":{"line":34,"column":3}}},"4":{"name":"(anonymous_4)","decl":{"start":{"line":36,"column":2},"end":{"line":36,"column":7}},"loc":{"start":{"line":36,"column":69},"end":{"line":43,"column":3}}},"5":{"name":"(anonymous_5)","decl":{"start":{"line":45,"column":10},"end":{"line":45,"column":15}},"loc":{"start":{"line":45,"column":60},"end":{"line":50,"column":3}}}},"branchMap":{},"s":{"0":0,"1":0,"2":0,"3":0,"4":0,"5":0,"6":0,"7":0,"8":0,"9":0},"f":{"0":0,"1":0,"2":0,"3":0,"4":0,"5":0},"b":{}}
}
