TN:
SF:apps/domain-service/src/main.ts
FN:13,(anonymous_0)
FN:16,(anonymous_1)
FN:20,(anonymous_2)
FN:24,(anonymous_3)
FN:28,(anonymous_4)
FN:32,(anonymous_5)
FN:40,main
FN:49,(anonymous_7)
FN:62,(anonymous_8)
FNF:9
FNH:0
FNDA:0,(anonymous_0)
FNDA:0,(anonymous_1)
FNDA:0,(anonymous_2)
FNDA:0,(anonymous_3)
FNDA:0,(anonymous_4)
FNDA:0,(anonymous_5)
FNDA:0,main
FNDA:0,(anonymous_7)
FNDA:0,(anonymous_8)
DA:1,0
DA:4,0
DA:5,0
DA:6,0
DA:7,0
DA:9,0
DA:10,0
DA:14,0
DA:17,0
DA:21,0
DA:25,0
DA:29,0
DA:33,0
DA:34,0
DA:36,0
DA:41,0
DA:42,0
DA:43,0
DA:45,0
DA:46,0
DA:47,0
DA:49,0
DA:50,0
DA:51,0
DA:52,0
DA:53,0
DA:56,0
DA:57,0
DA:59,0
DA:62,0
DA:63,0
DA:64,0
LF:32
LH:0
BRDA:9,0,0,0
BRDA:9,0,1,0
BRDA:10,1,0,0
BRDA:10,1,1,0
BRDA:21,2,0,0
BRDA:21,2,1,0
BRDA:34,3,0,0
BRF:7
BRH:0
end_of_record
TN:
SF:apps/domain-service/src/application/commands/AddToCartCommand.ts
FN:2,(anonymous_0)
FNF:1
FNH:1
FNDA:9,(anonymous_0)
DA:1,1
DA:3,9
DA:4,9
DA:5,9
DA:6,9
LF:5
LH:5
BRF:0
BRH:0
end_of_record
TN:
SF:apps/domain-service/src/application/commands/CreateProductCommand.ts
FN:2,(anonymous_0)
FNF:1
FNH:1
FNDA:6,(anonymous_0)
DA:1,1
DA:3,6
DA:4,6
DA:5,6
DA:6,6
DA:7,6
LF:6
LH:6
BRDA:7,0,0,5
BRF:1
BRH:1
end_of_record
TN:
SF:apps/domain-service/src/application/dto/ProductDTO.ts
FN:12,(anonymous_0)
FNF:1
FNH:1
FNDA:8,(anonymous_0)
DA:3,2
DA:13,8
DA:14,8
DA:15,8
DA:16,8
DA:17,8
DA:18,8
DA:19,8
LF:8
LH:8
BRF:0
BRH:0
end_of_record
TN:
SF:apps/domain-service/src/application/handlers/AddToCartHandler.ts
FN:6,(anonymous_0)
FN:8,(anonymous_1)
FNF:2
FNH:2
FNDA:6,(anonymous_0)
FNDA:9,(anonymous_1)
DA:2,1
DA:5,1
DA:6,6
DA:9,9
DA:11,9
DA:12,7
DA:15,9
DA:16,9
DA:18,9
LF:9
LH:9
BRDA:11,0,0,7
BRF:1
BRH:1
end_of_record
TN:
SF:apps/domain-service/src/application/handlers/CreateProductHandler.ts
FN:9,(anonymous_0)
FN:11,(anonymous_1)
FNF:2
FNH:2
FNDA:6,(anonymous_0)
FNDA:6,(anonymous_1)
DA:2,1
DA:3,1
DA:4,1
DA:6,1
DA:8,1
DA:9,6
DA:12,6
DA:13,5
DA:14,4
DA:16,3
DA:18,3
LF:11
LH:11
BRF:0
BRH:0
end_of_record
TN:
SF:apps/domain-service/src/application/handlers/GetProductsHandler.ts
FN:6,(anonymous_0)
FN:8,(anonymous_1)
FN:10,(anonymous_2)
FNF:3
FNH:3
FNDA:5,(anonymous_0)
FNDA:5,(anonymous_1)
FNDA:5,(anonymous_2)
DA:3,1
DA:5,1
DA:6,5
DA:9,5
DA:10,5
LF:5
LH:5
BRF:0
BRH:0
end_of_record
TN:
SF:apps/domain-service/src/application/handlers/ReleaseStockHandler.ts
FN:18,(anonymous_0)
FN:22,(anonymous_1)
FN:24,(anonymous_2)
FNF:3
FNH:3
FNDA:2,(anonymous_0)
FNDA:4,(anonymous_1)
FNDA:4,(anonymous_2)
DA:17,1
DA:18,2
DA:21,1
DA:22,4
DA:25,4
DA:26,6
DA:27,6
DA:28,2
DA:29,2
DA:31,4
DA:32,4
LF:11
LH:11
BRDA:27,0,0,2
BRF:1
BRH:1
end_of_record
TN:
SF:apps/domain-service/src/application/handlers/ReserveStockHandler.ts
FN:22,(anonymous_0)
FN:24,(anonymous_1)
FN:45,(anonymous_2)
FNF:3
FNH:3
FNDA:8,(anonymous_0)
FNDA:8,(anonymous_1)
FNDA:5,(anonymous_2)
DA:21,1
DA:22,8
DA:25,8
DA:27,8
DA:28,14
DA:29,14
DA:30,2
DA:31,2
DA:33,12
DA:34,12
DA:35,9
DA:36,9
DA:38,3
DA:39,3
DA:42,3
DA:46,5
DA:47,3
DA:48,3
DA:49,3
DA:50,3
LF:20
LH:20
BRDA:29,0,0,2
BRDA:48,1,0,3
BRF:2
BRH:2
end_of_record
TN:
SF:apps/domain-service/src/application/queries/GetProductsQuery.ts
FN:2,(anonymous_0)
FNF:1
FNH:0
FNDA:0,(anonymous_0)
DA:1,0
DA:3,0
DA:4,0
LF:3
LH:0
BRF:0
BRH:0
end_of_record
TN:
SF:apps/domain-service/src/domain/cart/entities/Cart.ts
FN:25,(anonymous_0)
FN:28,(anonymous_1)
FN:32,(anonymous_2)
FN:44,(anonymous_3)
FN:55,(anonymous_4)
FN:72,(anonymous_5)
FN:81,(anonymous_6)
FN:95,(anonymous_7)
FN:100,(anonymous_8)
FN:104,(anonymous_9)
FN:108,(anonymous_10)
FN:112,(anonymous_11)
FN:116,(anonymous_12)
FN:119,(anonymous_13)
FN:125,(anonymous_14)
FN:126,(anonymous_15)
FN:129,(anonymous_16)
FNF:17
FNH:17
FNDA:30,(anonymous_0)
FNDA:1,(anonymous_1)
FNDA:29,(anonymous_2)
FNDA:6,(anonymous_3)
FNDA:29,(anonymous_4)
FNDA:3,(anonymous_5)
FNDA:6,(anonymous_6)
FNDA:1,(anonymous_7)
FNDA:12,(anonymous_8)
FNDA:8,(anonymous_9)
FNDA:23,(anonymous_10)
FNDA:3,(anonymous_11)
FNDA:8,(anonymous_12)
FNDA:6,(anonymous_13)
FNDA:2,(anonymous_14)
FNDA:2,(anonymous_15)
FNDA:2,(anonymous_16)
DA:1,2
DA:2,2
DA:3,2
DA:4,2
DA:5,2
DA:20,2
DA:26,30
DA:27,30
DA:28,30
DA:29,30
DA:33,29
DA:34,1
DA:36,28
DA:45,6
DA:46,5
DA:47,4
DA:48,2
DA:50,2
DA:52,2
DA:56,29
DA:57,28
DA:58,3
DA:60,25
DA:62,24
DA:63,24
DA:64,2
DA:66,22
DA:68,24
DA:69,24
DA:73,3
DA:74,1
DA:76,2
DA:77,2
DA:78,2
DA:82,6
DA:83,3
DA:85,3
DA:86,1
DA:88,2
DA:89,2
DA:90,2
DA:91,2
DA:92,2
DA:96,1
DA:97,1
DA:101,12
DA:105,8
DA:109,23
DA:113,3
DA:117,8
DA:119,6
DA:126,2
DA:130,2
LF:53
LH:53
BRDA:33,0,0,1
BRDA:46,1,0,1
BRDA:47,2,0,2
BRDA:47,3,0,4
BRDA:47,3,1,3
BRDA:50,4,0,1
BRDA:56,5,0,1
BRDA:57,6,0,3
BRDA:57,7,0,28
BRDA:57,7,1,27
BRDA:60,8,0,1
BRDA:63,9,0,2
BRDA:63,9,1,22
BRDA:73,10,0,1
BRDA:82,11,0,3
BRDA:82,12,0,6
BRDA:82,12,1,5
BRDA:85,13,0,1
BRDA:89,14,0,0
BRF:19
BRH:18
end_of_record
TN:
SF:apps/domain-service/src/domain/cart/events/CartItemAddedEvent.ts
FN:6,(anonymous_0)
FNF:1
FNH:1
FNDA:24,(anonymous_0)
DA:1,2
DA:3,2
DA:4,24
DA:7,24
DA:8,24
DA:9,24
DA:10,24
DA:11,24
DA:13,24
LF:9
LH:9
BRF:0
BRH:0
end_of_record
TN:
SF:apps/domain-service/src/domain/cart/events/CartItemQuantityUpdatedEvent.ts
FN:6,(anonymous_0)
FNF:1
FNH:1
FNDA:2,(anonymous_0)
DA:1,2
DA:3,2
DA:4,2
DA:7,2
DA:8,2
DA:9,2
DA:10,2
DA:12,2
LF:8
LH:8
BRF:0
BRH:0
end_of_record
TN:
SF:apps/domain-service/src/domain/cart/events/CartItemRemovedEvent.ts
FN:6,(anonymous_0)
FNF:1
FNH:1
FNDA:2,(anonymous_0)
DA:1,2
DA:3,2
DA:4,2
DA:7,2
DA:8,2
DA:9,2
DA:11,2
LF:7
LH:7
BRF:0
BRH:0
end_of_record
TN:
SF:apps/domain-service/src/domain/product/entities/Product.ts
FN:22,(anonymous_0)
FN:30,(anonymous_1)
FN:52,(anonymous_2)
FN:59,(anonymous_3)
FN:63,(anonymous_4)
FN:67,(anonymous_5)
FN:71,(anonymous_6)
FN:75,(anonymous_7)
FN:79,(anonymous_8)
FN:83,(anonymous_9)
FN:87,(anonymous_10)
FN:91,(anonymous_11)
FNF:12
FNH:12
FNDA:33,(anonymous_0)
FNDA:13,(anonymous_1)
FNDA:24,(anonymous_2)
FNDA:1,(anonymous_3)
FNDA:14,(anonymous_4)
FNDA:8,(anonymous_5)
FNDA:50,(anonymous_6)
FNDA:12,(anonymous_7)
FNDA:9,(anonymous_8)
FNDA:18,(anonymous_9)
FNDA:26,(anonymous_10)
FNDA:1,(anonymous_11)
DA:1,5
DA:2,5
DA:5,5
DA:16,5
DA:23,33
DA:24,33
DA:25,33
DA:26,33
DA:27,33
DA:31,13
DA:32,2
DA:35,11
DA:36,11
DA:45,11
DA:49,11
DA:53,24
DA:54,2
DA:56,22
DA:60,1
DA:64,14
DA:68,8
DA:72,50
DA:76,12
DA:80,9
DA:84,18
DA:88,26
DA:92,1
LF:27
LH:27
BRDA:31,0,0,2
BRDA:31,1,0,13
BRDA:31,1,1,11
BRDA:53,2,0,2
BRDA:53,3,0,24
BRDA:53,3,1,23
BRF:6
BRH:6
end_of_record
TN:
SF:apps/domain-service/src/domain/product/events/ProductCreatedEvent.ts
FN:6,(anonymous_0)
FNF:1
FNH:1
FNDA:11,(anonymous_0)
DA:1,5
DA:3,5
DA:4,11
DA:7,11
DA:8,11
DA:9,11
DA:10,11
DA:12,11
LF:8
LH:8
BRF:0
BRH:0
end_of_record
TN:
SF:apps/domain-service/src/domain/product/value-objects/Price.ts
FN:9,(anonymous_0)
FN:16,(anonymous_1)
FN:20,(anonymous_2)
FN:24,(anonymous_3)
FN:28,(anonymous_4)
FN:35,(anonymous_5)
FN:39,(anonymous_6)
FNF:7
FNH:7
FNDA:55,(anonymous_0)
FNDA:53,(anonymous_1)
FNDA:25,(anonymous_2)
FNDA:10,(anonymous_3)
FNDA:2,(anonymous_4)
FNDA:1,(anonymous_5)
FNDA:2,(anonymous_6)
DA:1,6
DA:8,6
DA:10,55
DA:11,2
DA:13,53
DA:17,53
DA:21,25
DA:25,10
DA:29,2
DA:30,1
DA:32,1
DA:36,1
DA:40,2
LF:13
LH:13
BRDA:9,0,0,0
BRDA:10,1,0,2
BRDA:16,2,0,40
BRDA:29,3,0,1
BRDA:40,4,0,2
BRDA:40,4,1,1
BRF:6
BRH:5
end_of_record
TN:
SF:apps/domain-service/src/domain/product/value-objects/Stock.ts
FN:8,(anonymous_0)
FN:15,(anonymous_1)
FN:19,(anonymous_2)
FN:23,(anonymous_3)
FN:27,(anonymous_4)
FN:37,(anonymous_5)
FN:44,(anonymous_6)
FNF:7
FNH:7
FNDA:72,(anonymous_0)
FNDA:52,(anonymous_1)
FNDA:41,(anonymous_2)
FNDA:2,(anonymous_3)
FNDA:17,(anonymous_4)
FNDA:10,(anonymous_5)
FNDA:2,(anonymous_6)
DA:1,6
DA:7,6
DA:9,72
DA:10,3
DA:12,69
DA:16,52
DA:20,41
DA:24,2
DA:28,17
DA:29,1
DA:31,16
DA:32,5
DA:34,11
DA:38,10
DA:39,1
DA:41,9
DA:45,2
LF:17
LH:17
BRDA:9,0,0,3
BRDA:9,1,0,72
BRDA:9,1,1,71
BRDA:28,2,0,1
BRDA:31,3,0,5
BRDA:38,4,0,1
BRF:6
BRH:6
end_of_record
TN:
SF:apps/domain-service/src/infrastructure/kafka/consumer.ts
FN:18,(anonymous_0)
FN:27,(anonymous_1)
FN:41,(anonymous_2)
FN:47,(anonymous_3)
FN:54,(anonymous_4)
FN:58,(anonymous_5)
FN:68,(anonymous_6)
FN:97,(anonymous_7)
FNF:8
FNH:5
FNDA:10007,(anonymous_0)
FNDA:8,(anonymous_1)
FNDA:0,(anonymous_2)
FNDA:0,(anonymous_3)
FNDA:0,(anonymous_4)
FNDA:10010,(anonymous_5)
FNDA:10007,(anonymous_6)
FNDA:1,(anonymous_7)
DA:1,1
DA:10,1
DA:12,1
DA:14,1
DA:16,8
DA:19,10007
DA:21,2
DA:22,2
DA:24,10007
DA:28,8
DA:29,8
DA:30,8
DA:31,8
DA:32,8
DA:34,8
DA:38,8
DA:42,0
DA:43,0
DA:44,0
DA:46,0
DA:48,0
DA:49,0
DA:55,0
DA:59,10010
DA:61,10010
DA:63,10008
DA:64,10008
DA:65,10008
DA:66,10007
DA:68,10007
DA:70,10007
DA:72,10008
DA:73,10007
DA:74,10007
DA:78,1
DA:85,1
DA:88,1
DA:90,10007
DA:94,1
DA:95,1
DA:97,1
DA:99,1
DA:103,1
LF:43
LH:36
BRDA:19,0,0,2
BRDA:48,1,0,0
BRDA:61,2,0,10008
BRDA:61,2,1,1
BRDA:61,2,2,1
BRDA:65,3,0,10007
BRDA:72,4,0,10007
BRDA:72,4,1,1
BRDA:82,5,0,1
BRDA:82,5,1,0
BRF:10
BRH:8
end_of_record
TN:
SF:apps/domain-service/src/infrastructure/kafka/producer.ts
FN:11,(anonymous_0)
FN:19,(anonymous_1)
FN:23,(anonymous_2)
FN:27,(anonymous_3)
FN:36,(anonymous_4)
FN:45,(anonymous_5)
FNF:6
FNH:0
FNDA:0,(anonymous_0)
FNDA:0,(anonymous_1)
FNDA:0,(anonymous_2)
FNDA:0,(anonymous_3)
FNDA:0,(anonymous_4)
FNDA:0,(anonymous_5)
DA:1,0
DA:8,0
DA:11,0
DA:12,0
DA:16,0
DA:20,0
DA:24,0
DA:28,0
DA:37,0
DA:46,0
LF:10
LH:0
BRF:0
BRH:0
end_of_record
